{"C:\\repos\\GitHub\\owaspnode1\\testmocha\\index.js":{"path":"C:\\repos\\GitHub\\owaspnode1\\testmocha\\index.js","s":{"1":1,"2":1,"3":2,"4":1,"5":2,"6":2,"7":0,"8":0,"9":1,"10":3,"11":4,"12":4,"13":2,"14":2},"b":{"1":[0,2],"2":[2,2]},"f":{"1":2,"2":2,"3":0,"4":3,"5":4},"fnMap":{"1":{"name":"(anonymous_1)","line":3,"loc":{"start":{"line":3,"column":16},"end":{"line":3,"column":26}}},"2":{"name":"(anonymous_2)","line":7,"loc":{"start":{"line":7,"column":15},"end":{"line":7,"column":32}}},"3":{"name":"(anonymous_3)","line":10,"loc":{"start":{"line":10,"column":15},"end":{"line":10,"column":26}}},"4":{"name":"(anonymous_4)","line":16,"loc":{"start":{"line":16,"column":16},"end":{"line":16,"column":30}}},"5":{"name":"(anonymous_5)","line":17,"loc":{"start":{"line":17,"column":19},"end":{"line":17,"column":32}}}},"statementMap":{"1":{"start":{"line":1,"column":0},"end":{"line":1,"column":12}},"2":{"start":{"line":3,"column":0},"end":{"line":5,"column":2}},"3":{"start":{"line":4,"column":2},"end":{"line":4,"column":10}},"4":{"start":{"line":7,"column":0},"end":{"line":14,"column":2}},"5":{"start":{"line":8,"column":2},"end":{"line":8,"column":15}},"6":{"start":{"line":9,"column":2},"end":{"line":13,"column":3}},"7":{"start":{"line":10,"column":4},"end":{"line":12,"column":13}},"8":{"start":{"line":11,"column":6},"end":{"line":11,"column":11}},"9":{"start":{"line":16,"column":0},"end":{"line":25,"column":2}},"10":{"start":{"line":17,"column":2},"end":{"line":24,"column":13}},"11":{"start":{"line":18,"column":4},"end":{"line":22,"column":5}},"12":{"start":{"line":19,"column":6},"end":{"line":21,"column":7}},"13":{"start":{"line":20,"column":8},"end":{"line":20,"column":21}},"14":{"start":{"line":23,"column":4},"end":{"line":23,"column":16}}},"branchMap":{"1":{"line":9,"type":"if","locations":[{"start":{"line":9,"column":2},"end":{"line":9,"column":2}},{"start":{"line":9,"column":2},"end":{"line":9,"column":2}}]},"2":{"line":19,"type":"if","locations":[{"start":{"line":19,"column":6},"end":{"line":19,"column":6}},{"start":{"line":19,"column":6},"end":{"line":19,"column":6}}]}}}}