{"C:\\repos\\GitHub\\owaspnode1\\testmocha\\test\\memdb.js":{"path":"C:\\repos\\GitHub\\owaspnode1\\testmocha\\test\\memdb.js","s":{"1":1,"2":1,"3":1,"4":0,"5":0,"6":0,"7":0,"8":0,"9":0,"10":0,"11":0,"12":0,"13":0,"14":0,"15":0,"16":0,"17":0,"18":0,"19":0,"20":0,"21":0,"22":0,"23":0,"24":0,"25":0},"b":{},"f":{"1":0,"2":0,"3":0,"4":0,"5":0,"6":0,"7":0,"8":0},"fnMap":{"1":{"name":"(anonymous_1)","line":4,"loc":{"start":{"line":4,"column":18},"end":{"line":4,"column":28}}},"2":{"name":"(anonymous_2)","line":5,"loc":{"start":{"line":5,"column":13},"end":{"line":5,"column":23}}},"3":{"name":"(anonymous_3)","line":9,"loc":{"start":{"line":9,"column":25},"end":{"line":9,"column":35}}},"4":{"name":"(anonymous_4)","line":10,"loc":{"start":{"line":10,"column":35},"end":{"line":10,"column":49}}},"5":{"name":"(anonymous_5)","line":12,"loc":{"start":{"line":12,"column":22},"end":{"line":12,"column":32}}},"6":{"name":"(anonymous_6)","line":20,"loc":{"start":{"line":20,"column":26},"end":{"line":20,"column":36}}},"7":{"name":"(anonymous_7)","line":21,"loc":{"start":{"line":21,"column":47},"end":{"line":21,"column":57}}},"8":{"name":"(anonymous_8)","line":35,"loc":{"start":{"line":35,"column":49},"end":{"line":35,"column":59}}}},"statementMap":{"1":{"start":{"line":1,"column":0},"end":{"line":1,"column":26}},"2":{"start":{"line":2,"column":0},"end":{"line":2,"column":31}},"3":{"start":{"line":4,"column":0},"end":{"line":40,"column":2}},"4":{"start":{"line":5,"column":2},"end":{"line":7,"column":5}},"5":{"start":{"line":6,"column":4},"end":{"line":6,"column":18}},"6":{"start":{"line":9,"column":2},"end":{"line":18,"column":5}},"7":{"start":{"line":10,"column":4},"end":{"line":17,"column":7}},"8":{"start":{"line":11,"column":6},"end":{"line":11,"column":33}},"9":{"start":{"line":12,"column":6},"end":{"line":16,"column":9}},"10":{"start":{"line":13,"column":8},"end":{"line":13,"column":48}},"11":{"start":{"line":14,"column":8},"end":{"line":14,"column":27}},"12":{"start":{"line":15,"column":8},"end":{"line":15,"column":15}},"13":{"start":{"line":20,"column":2},"end":{"line":39,"column":4}},"14":{"start":{"line":21,"column":4},"end":{"line":33,"column":6}},"15":{"start":{"line":22,"column":6},"end":{"line":22,"column":34}},"16":{"start":{"line":23,"column":6},"end":{"line":23,"column":34}},"17":{"start":{"line":25,"column":6},"end":{"line":25,"column":23}},"18":{"start":{"line":26,"column":6},"end":{"line":26,"column":23}},"19":{"start":{"line":28,"column":6},"end":{"line":28,"column":46}},"20":{"start":{"line":29,"column":6},"end":{"line":29,"column":26}},"21":{"start":{"line":31,"column":6},"end":{"line":31,"column":46}},"22":{"start":{"line":32,"column":6},"end":{"line":32,"column":26}},"23":{"start":{"line":35,"column":4},"end":{"line":38,"column":6}},"24":{"start":{"line":36,"column":6},"end":{"line":36,"column":47}},"25":{"start":{"line":37,"column":6},"end":{"line":37,"column":26}}},"branchMap":{}}}