TN:
SF:C:\repos\GitHub\owaspnode1\testmocha\test\memdb.js
FN:4,(anonymous_1)
FN:5,(anonymous_2)
FN:9,(anonymous_3)
FN:10,(anonymous_4)
FN:12,(anonymous_5)
FN:20,(anonymous_6)
FN:21,(anonymous_7)
FN:35,(anonymous_8)
FNF:8
FNH:0
FNDA:0,(anonymous_1)
FNDA:0,(anonymous_2)
FNDA:0,(anonymous_3)
FNDA:0,(anonymous_4)
FNDA:0,(anonymous_5)
FNDA:0,(anonymous_6)
FNDA:0,(anonymous_7)
FNDA:0,(anonymous_8)
DA:1,1
DA:2,1
DA:4,1
DA:5,0
DA:6,0
DA:9,0
DA:10,0
DA:11,0
DA:12,0
DA:13,0
DA:14,0
DA:15,0
DA:20,0
DA:21,0
DA:22,0
DA:23,0
DA:25,0
DA:26,0
DA:28,0
DA:29,0
DA:31,0
DA:32,0
DA:35,0
DA:36,0
DA:37,0
LF:25
LH:3
BRF:0
BRH:0
end_of_record
